Arguments: 
  /Users/pranav/.volta/tools/image/node/18.18.2/bin/node /Users/pranav/.yarn/releases/yarn-1.22.1.cjs install

PATH: 
  /Users/pranav/.volta/tools/image/yarn/1.22.17/bin:/Users/pranav/.volta/tools/image/node/18.18.2/bin:/Users/pranav/.local/share/fig/plugins/git-open:/Users/pranav/opt/anaconda3/bin:/Users/pranav/.volta/bin:/Users/pranav/.bun/bin:/opt/homebrew/opt/openjdk@11/bin:/Users/pranav/.orbstack/bin:/opt/homebrew/bin:/opt/homebrew/sbin:/usr/local/bin:/usr/bin:/bin:/usr/sbin:/sbin:/usr/local/go/bin:/usr/local/share/dotnet:/opt/X11/bin:~/.dotnet/tools:/Library/Apple/usr/bin:/Users/pranav/.spicetify:/opt/homebrew/opt/openjdk@11/bin:/opt/homebrew/bin:/opt/homebrew/sbin:/Users/pranav/.cargo/bin:/Users/pranav/.fig/bin:/Users/pranav/.fzf/bin:/Users/pranav/.local/bin:/Users/pranav/.cabal/bin:/Users/pranav/.ghcup/bin

Yarn version: 
  1.22.1

Node version: 
  18.18.2

Platform: 
  darwin arm64

Trace: 
  Error: getaddrinfo ENOTFOUND registry.yarnpkg.com
      at GetAddrInfoReqWrap.onlookup [as oncomplete] (node:dns:108:26)

npm manifest: 
  {
    "name": "spot",
    "version": "1.0.0",
    "description": "",
    "main": "index.js",
    "scripts": {
      "dev": "vite",
      "build": "vite build"
    },
    "keywords": [],
    "author": "",
    "license": "ISC",
    "dependencies": {
      "@liveblocks/client": "^1.5.2",
      "million": "^2.6.4",
      "react": "^18.2.0",
      "react-dom": "^18.2.0"
    },
    "devDependencies": {
      "@vitejs/plugin-react": "^4.1.0",
      "vite": "^4.5.0"
    }
  }

yarn manifest: 
  No manifest

Lockfile: 
  No lockfile
